*** Starting uWSGI 2.0.15-debian (64bit) on [Fri Jul 19 16:16:34 2019] ***
compiled with version: 7.3.0 on 28 September 2018 15:41:15
os: Linux-4.15.0-1043-aws #45-Ubuntu SMP Mon Jun 24 14:07:03 UTC 2019
nodename: ip-172-31-16-134
machine: x86_64
clock source: unix
pcre jit disabled
detected number of CPU cores: 1
current working directory: /home/ubuntu/data/webroot/myproject
detected binary path: /usr/bin/uwsgi-core
dropping root privileges as early as possible
chdir() to /home/ubuntu/data/webroot/project
chdir(): No such file or directory [core/uwsgi.c line 2592]
*** Starting uWSGI 2.0.15-debian (64bit) on [Fri Jul 19 16:26:16 2019] ***
compiled with version: 7.3.0 on 28 September 2018 15:41:15
os: Linux-4.15.0-1043-aws #45-Ubuntu SMP Mon Jun 24 14:07:03 UTC 2019
nodename: ip-172-31-16-134
machine: x86_64
clock source: unix
pcre jit disabled
detected number of CPU cores: 1
current working directory: /home/ubuntu/data/webroot/myproject
detected binary path: /usr/bin/uwsgi-core
dropping root privileges as early as possible
chdir() to /home/ubuntu/data/webroot/myproject
*** WARNING: you are running uWSGI without its master process manager ***
your processes number limit is 3841
your memory page size is 4096 bytes
detected max file descriptor number: 1024
lock engine: pthread robust mutexes
thunder lock: disabled (you can enable it with --thunder-lock)
dropping root privileges after socket binding
dropping root privileges after plugin initialization
The -s/--socket option is missing and stdin is not a socket.
*** Starting uWSGI 2.0.18 (64bit) on [Tue Jul 23 07:25:02 2019] ***
compiled with version: 7.4.0 on 19 July 2019 15:55:19
os: Linux-4.15.0-1043-aws #45-Ubuntu SMP Mon Jun 24 14:07:03 UTC 2019
nodename: ip-172-31-16-134
machine: x86_64
clock source: unix
detected number of CPU cores: 1
current working directory: /home/ubuntu/data/webroot/myproject
detected binary path: /home/ubuntu/.local/bin/uwsgi
!!! no internal routing support, rebuild with pcre support !!!
chdir() to /home/ubuntu/data/webroot/myproject
*** WARNING: you are running uWSGI without its master process manager ***
your processes number limit is 3841
your memory page size is 4096 bytes
detected max file descriptor number: 1024
lock engine: pthread robust mutexes
thunder lock: disabled (you can enable it with --thunder-lock)
uwsgi socket 0 bound to TCP address :8080 fd 3
Python version: 3.6.8 (default, Jan 14 2019, 11:02:34)  [GCC 8.0.1 20180414 (experimental) [trunk revision 259383]]
*** Python threads support is disabled. You can enable it with --enable-threads ***
Python main interpreter initialized at 0x556daaf635c0
your server socket listen backlog is limited to 100 connections
your mercy for graceful operations on workers is 60 seconds
mapped 72904 bytes (71 KB) for 1 cores
*** Operational MODE: single process ***
WSGI app 0 (mountpoint='') ready in 0 seconds on interpreter 0x556daaf635c0 pid: 23282 (default app)
*** uWSGI is running in multiple interpreter mode ***
spawned uWSGI worker 1 (and the only) (pid: 23282, cores: 1)
